\BOOKMARK [0][-]{chapter*.2}{\376\377\000W\000e\000l\000c\000o\000m\000e}{}% 1
\BOOKMARK [1][-]{section.0.1}{\376\377\000M\000a\000k\000i\000n\000g\000\040\000b\000e\000t\000t\000e\000r\000\040\000s\000o\000f\000t\000w\000a\000r\000e}{chapter*.2}% 2
\BOOKMARK [1][-]{section.0.2}{\376\377\000A\000i\000m\000s}{chapter*.2}% 3
\BOOKMARK [1][-]{section.0.3}{\376\377\000R\000e\000c\000o\000m\000m\000e\000n\000d\000e\000d\000\040\000r\000e\000a\000d\000i\000n\000g}{chapter*.2}% 4
\BOOKMARK [1][-]{section.0.4}{\376\377\000U\000s\000i\000n\000g\000\040\000t\000h\000e\000\040\000l\000a\000b\000\040\000m\000a\000n\000u\000a\000l}{chapter*.2}% 5
\BOOKMARK [1][-]{section.0.5}{\376\377\000C\000o\000n\000t\000r\000i\000b\000u\000t\000i\000n\000g\000\040\000t\000o\000\040\000t\000h\000i\000s\000\040\000m\000a\000n\000u\000a\000l}{chapter*.2}% 6
\BOOKMARK [1][-]{section.0.6}{\376\377\000A\000c\000k\000n\000o\000w\000l\000e\000d\000g\000e\000m\000e\000n\000t\000s}{chapter*.2}% 7
\BOOKMARK [1][-]{section.0.7}{\376\377\000L\000i\000c\000e\000n\000s\000i\000n\000g}{chapter*.2}% 8
\BOOKMARK [0][-]{chapter*.3}{\376\377\000E\000x\000p\000e\000c\000t\000a\000t\000i\000o\000n\000s}{}% 9
\BOOKMARK [1][-]{section.0.8}{\376\377\000E\000x\000p\000e\000c\000t\000a\000t\000i\000o\000n\000\040\000e\000n\000g\000i\000n\000e\000e\000r\000i\000n\000g}{chapter*.3}% 10
\BOOKMARK [1][-]{section.0.9}{\376\377\000Y\000o\000u\000r\000\040\000c\000a\000m\000e\000r\000a}{chapter*.3}% 11
\BOOKMARK [0][-]{chapter*.4}{\376\377\000W\000e\000e\000k\000l\000y\000\040\000t\000i\000m\000e\000t\000a\000b\000l\000e}{}% 12
\BOOKMARK [1][-]{section.0.10}{\376\377\000W\000h\000e\000r\000e\000\040\000s\000h\000o\000u\000l\000d\000\040\000I\000\040\000g\000o\000\040\000i\000f\000\040\000I\000'\000m\000\040\000o\000n\000\040\000c\000a\000m\000p\000u\000s\000?}{chapter*.4}% 13
\BOOKMARK [1][-]{section.0.11}{\376\377\000A\000u\000t\000o\000m\000a\000t\000i\000n\000g}{chapter*.4}% 14
\BOOKMARK [1][-]{section.0.12}{\376\377\000R\000e\000a\000d\000i\000n\000g}{chapter*.4}% 15
\BOOKMARK [1][-]{section.0.13}{\376\377\000D\000e\000b\000u\000g\000g\000i\000n\000g}{chapter*.4}% 16
\BOOKMARK [1][-]{section.0.14}{\376\377\000E\000s\000t\000i\000m\000a\000t\000i\000n\000g}{chapter*.4}% 17
\BOOKMARK [1][-]{section.0.15}{\376\377\000T\000e\000s\000t\000i\000n\000g}{chapter*.4}% 18
\BOOKMARK [1][-]{section.0.16}{\376\377\000P\000a\000u\000s\000i\000n\000g}{chapter*.4}% 19
\BOOKMARK [1][-]{section.0.17}{\376\377\000W\000o\000r\000k\000f\000l\000o\000w\000i\000n\000g}{chapter*.4}% 20
\BOOKMARK [1][-]{section.0.18}{\376\377\000R\000e\000f\000a\000c\000t\000o\000r\000i\000n\000g}{chapter*.4}% 21
\BOOKMARK [1][-]{section.0.19}{\376\377\000T\000e\000s\000t\000i\000n\000g}{chapter*.4}% 22
\BOOKMARK [1][-]{section.0.20}{\376\377\000P\000a\000t\000t\000e\000r\000n\000i\000n\000g}{chapter*.4}% 23
\BOOKMARK [1][-]{section.0.21}{\376\377\000M\000a\000n\000a\000g\000i\000n\000g}{chapter*.4}% 24
\BOOKMARK [1][-]{section.0.22}{\376\377\000C\000h\000a\000l\000l\000e\000n\000g\000i\000n\000g}{chapter*.4}% 25
\BOOKMARK [1][-]{section.0.23}{\376\377\000T\000o\000o\000l\000s}{chapter*.4}% 26
\BOOKMARK [-1][-]{part.1}{\376\377\000I\000\040\000W\000e\000e\000k\000l\000y\000\040\000W\000o\000r\000k\000s\000h\000o\000p\000s}{}% 27
\BOOKMARK [0][-]{chapter.1}{\376\377\000B\000u\000i\000l\000d\000i\000n\000g\000\040\000a\000n\000d\000\040\000t\000e\000s\000t\000i\000n\000g}{part.1}% 28
\BOOKMARK [1][-]{section.1.1}{\376\377\000I\000n\000t\000r\000o\000d\000u\000c\000t\000i\000o\000n}{chapter.1}% 29
\BOOKMARK [1][-]{section.1.2}{\376\377\000A\000c\000q\000u\000i\000r\000i\000n\000g\000\040\000M\000a\000r\000a\000u\000r\000o\000a}{chapter.1}% 30
\BOOKMARK [1][-]{section.1.3}{\376\377\000B\000u\000i\000l\000d\000i\000n\000g\000\040\000t\000h\000e\000\040\000M\000a\000r\000a\000u\000r\000o\000a\000\040\000E\000n\000g\000i\000n\000e}{chapter.1}% 31
\BOOKMARK [1][-]{section.1.4}{\376\377\000T\000e\000s\000t\000i\000n\000g\000\040\000t\000h\000e\000\040\000M\000a\000r\000a\000u\000r\000o\000a\000\040\000E\000n\000g\000i\000n\000e}{chapter.1}% 32
\BOOKMARK [0][-]{chapter.2}{\376\377\000L\000a\000r\000g\000e\000\040\000s\000y\000s\000t\000e\000m\000s}{part.1}% 33
\BOOKMARK [1][-]{section.2.1}{\376\377\000P\000u\000r\000p\000o\000s\000e\000s\000\040\000o\000f\000\040\000t\000h\000e\000\040\000w\000o\000r\000k\000s\000h\000o\000p}{chapter.2}% 34
\BOOKMARK [1][-]{section.2.2}{\376\377\000L\000e\000a\000r\000n\000i\000n\000g\000\040\000L\000a\000r\000g\000e\000\040\000C\000o\000d\000e\000b\000a\000s\000e\000s}{chapter.2}% 35
\BOOKMARK [1][-]{section.2.3}{\376\377\000U\000n\000i\000t\000\040\000T\000e\000s\000t\000i\000n\000g\000\040\000O\000v\000e\000r\000v\000i\000e\000w}{chapter.2}% 36
\BOOKMARK [1][-]{section.2.4}{\376\377\000U\000n\000i\000t\000\040\000T\000e\000s\000t\000i\000n\000g\000\040\000R\000e\000a\000d\000i\000n\000g\000\040\000a\000n\000d\000\040\000W\000r\000i\000t\000i\000n\000g\000\040\000i\000n\000\040\000M\000a\000r\000a\000u\000r\000o\000a\000\040\000a\000n\000d\000\040\000S\000t\000e\000n\000d\000h\000a\000l}{chapter.2}% 37
\BOOKMARK [1][-]{section.2.5}{\376\377\000J\000U\000n\000i\000t\000\040\000C\000h\000e\000a\000t\000s\000h\000e\000e\000t}{chapter.2}% 38
\BOOKMARK [0][-]{chapter.3}{\376\377\000D\000e\000b\000u\000g\000g\000i\000n\000g}{part.1}% 39
\BOOKMARK [1][-]{section.3.1}{\376\377\000P\000r\000e\000p\000a\000r\000i\000n\000g\000\040\000f\000o\000r\000\040\000t\000h\000e\000\040\000w\000o\000r\000k\000s\000h\000o\000p}{chapter.3}% 40
\BOOKMARK [1][-]{section.3.2}{\376\377\000W\000o\000r\000k\000s\000h\000o\000p\000\040\000A\000c\000t\000i\000v\000i\000t\000y\000:\000\040\000W\000o\000r\000k\000i\000n\000g\000\040\000T\000h\000r\000o\000u\000g\000h\000\040\000a\000\040\000B\000u\000g\000\040\000R\000e\000p\000o\000r\000t}{chapter.3}% 41
\BOOKMARK [0][-]{chapter.4}{\376\377\000C\000o\000s\000t\000\040\000e\000s\000t\000i\000m\000a\000t\000i\000o\000n}{part.1}% 42
\BOOKMARK [1][-]{section.4.1}{\376\377\000C\000o\000u\000r\000s\000e\000\040\000c\000o\000n\000t\000e\000n\000t}{chapter.4}% 43
\BOOKMARK [0][-]{chapter.5}{\376\377\000T\000e\000s\000t\000\040\000f\000i\000r\000s\000t\000\040\000d\000e\000v\000e\000l\000o\000p\000m\000e\000n\000t}{part.1}% 44
\BOOKMARK [1][-]{section.5.1}{\376\377\000C\000o\000u\000r\000s\000e\000\040\000c\000o\000n\000t\000e\000n\000t}{chapter.5}% 45
\BOOKMARK [0][-]{chapter.6}{\376\377\000G\000i\000t\000\040\000w\000o\000r\000k\000f\000l\000o\000w\000s}{part.1}% 46
\BOOKMARK [0][-]{chapter.7}{\376\377\000S\000o\000f\000t\000w\000a\000r\000e\000\040\000R\000e\000f\000a\000c\000t\000o\000r\000i\000n\000g}{part.1}% 47
\BOOKMARK [1][-]{section.7.1}{\376\377\000P\000r\000e\000p\000a\000r\000i\000n\000g\000\040\000f\000o\000r\000\040\000t\000h\000e\000\040\000w\000o\000r\000k\000s\000h\000o\000p}{chapter.7}% 48
\BOOKMARK [1][-]{section.7.2}{\376\377\000A\000c\000t\000i\000v\000i\000t\000y\000:\000\040\000L\000i\000t\000e\000r\000a\000l\000s\000\040\000a\000n\000d\000\040\000M\000a\000g\000i\000c\000\040\000N\000u\000m\000b\000e\000r\000s}{chapter.7}% 49
\BOOKMARK [1][-]{section.7.3}{\376\377\000A\000c\000t\000i\000v\000i\000t\000y\000:\000\040\000L\000o\000n\000g\000\040\000M\000e\000t\000h\000o\000d\000s}{chapter.7}% 50
\BOOKMARK [1][-]{section.7.4}{\376\377\000A\000c\000t\000i\000v\000i\000t\000y\000:\000\040\000E\000x\000c\000e\000s\000s\000i\000v\000e\000\040\000C\000o\000m\000m\000e\000n\000t\000s}{chapter.7}% 51
\BOOKMARK [1][-]{section.7.5}{\376\377\000A\000c\000t\000i\000v\000i\000t\000y\000:\000\040\000A\000p\000p\000l\000y\000i\000n\000g\000\040\000t\000h\000e\000\040\000R\000e\000f\000a\000c\000t\000o\000r\000i\000n\000g\000s\000\040\000T\000o\000g\000e\000t\000h\000e\000r}{chapter.7}% 52
\BOOKMARK [0][-]{chapter.8}{\376\377\000D\000e\000s\000i\000g\000n\000\040\000f\000o\000r\000\040\000T\000e\000s\000t\000a\000b\000i\000l\000i\000t\000y}{part.1}% 53
\BOOKMARK [1][-]{section.8.1}{\376\377\000P\000r\000e\000p\000a\000r\000i\000n\000g\000\040\000f\000o\000r\000\040\000t\000h\000e\000\040\000W\000o\000r\000k\000s\000h\000o\000p}{chapter.8}% 54
\BOOKMARK [1][-]{section.8.2}{\376\377\000U\000n\000d\000e\000r\000s\000t\000a\000n\000d\000i\000n\000g\000\040\000T\000e\000s\000t\000\040\000D\000o\000u\000b\000l\000e\000s\000:\000\040\000D\000u\000m\000m\000i\000e\000s}{chapter.8}% 55
\BOOKMARK [1][-]{section.8.3}{\376\377\000U\000n\000d\000e\000r\000s\000t\000a\000n\000d\000i\000n\000g\000\040\000T\000e\000s\000t\000\040\000D\000o\000u\000b\000l\000e\000s\000:\000\040\000S\000t\000u\000b\000s}{chapter.8}% 56
\BOOKMARK [1][-]{section.8.4}{\376\377\000T\000e\000s\000t\000\040\000D\000o\000u\000b\000l\000e\000s\000\040\000S\000c\000a\000v\000e\000n\000g\000e\000r\000\040\000H\000u\000n\000t}{chapter.8}% 57
\BOOKMARK [1][-]{section.8.5}{\376\377\000U\000n\000d\000e\000r\000s\000t\000a\000n\000d\000i\000n\000g\000\040\000T\000e\000s\000t\000\040\000D\000o\000u\000b\000l\000e\000s\000:\000\040\000F\000i\000r\000s\000t\000\040\000E\000x\000p\000e\000r\000i\000m\000e\000n\000t\000s\000\040\000w\000i\000t\000h\000\040\000M\000o\000c\000k\000\040\000O\000b\000j\000e\000c\000t\000s}{chapter.8}% 58
\BOOKMARK [1][-]{section.8.6}{\376\377\000A\000l\000l\000\040\000F\000i\000n\000i\000s\000h\000e\000d\000\040\000a\000n\000d\000\040\000N\000o\000w\000h\000e\000r\000e\000\040\000t\000o\000\040\000G\000o\000?}{chapter.8}% 59
\BOOKMARK [0][-]{chapter.9}{\376\377\000S\000o\000f\000t\000w\000a\000r\000e\000\040\000d\000e\000s\000i\000g\000n\000\040\000p\000a\000t\000t\000e\000r\000n\000s}{part.1}% 60
\BOOKMARK [1][-]{section.9.1}{\376\377\000I\000n\000t\000r\000o\000d\000u\000c\000t\000i\000o\000n}{chapter.9}% 61
\BOOKMARK [1][-]{section.9.2}{\376\377\000W\000o\000r\000k\000s\000h\000o\000p\000\040\000E\000x\000e\000r\000c\000i\000s\000e\000\040\0001\000\040\000-\000\040\000B\000e\000h\000a\000v\000i\000o\000u\000r\000a\000l\000\040\000P\000a\000t\000t\000e\000r\000n\000s}{chapter.9}% 62
\BOOKMARK [1][-]{section.9.3}{\376\377\000W\000o\000r\000k\000s\000h\000o\000p\000\040\000E\000x\000e\000r\000c\000i\000s\000e\000\040\0002\000\040\000-\000\040\000S\000t\000r\000u\000c\000t\000u\000r\000a\000l\000\040\000P\000a\000t\000t\000e\000r\000n\000s}{chapter.9}% 63
\BOOKMARK [1][-]{section.9.4}{\376\377\000W\000o\000r\000k\000s\000h\000o\000p\000\040\000E\000x\000e\000r\000c\000i\000s\000e\000\040\0003\000\040\000-\000\040\000C\000r\000e\000a\000t\000i\000o\000n\000a\000l\000\040\000P\000a\000t\000t\000e\000r\000n\000s}{chapter.9}% 64
\BOOKMARK [0][-]{chapter.10}{\376\377\000R\000i\000s\000k\000\040\000m\000a\000n\000a\000g\000e\000m\000e\000n\000t}{part.1}% 65
\BOOKMARK [1][-]{section.10.1}{\376\377\000C\000o\000u\000r\000s\000e\000\040\000c\000o\000n\000t\000e\000n\000t}{chapter.10}% 66
\BOOKMARK [0][-]{chapter.11}{\376\377\000O\000p\000e\000n\000\040\000s\000o\000u\000r\000c\000e\000\040\000c\000h\000a\000l\000l\000e\000n\000g\000e}{part.1}% 67
\BOOKMARK [1][-]{section.11.1}{\376\377\000I\000n\000t\000r\000o\000d\000u\000c\000t\000i\000o\000n}{chapter.11}% 68
\BOOKMARK [1][-]{section.11.2}{\376\377\000T\000h\000e\000\040\000c\000h\000a\000l\000l\000e\000n\000g\000e}{chapter.11}% 69
\BOOKMARK [1][-]{section.11.3}{\376\377\000I\000d\000e\000n\000t\000i\000f\000y\000\040\000a\000n\000\040\000a\000p\000p\000r\000o\000p\000r\000i\000a\000t\000e\000\040\000p\000r\000o\000j\000e\000c\000t}{chapter.11}% 70
\BOOKMARK [-1][-]{part.2}{\376\377\000I\000I\000\040\000T\000e\000a\000m\000\040\000s\000t\000u\000d\000y\000\040\000m\000a\000t\000e\000r\000i\000a\000l\000s}{}% 71
\BOOKMARK [0][-]{chapter.12}{\376\377\000S\000t\000a\000r\000t\000i\000n\000g\000\040\000S\000t\000e\000n\000d\000h\000a\000l}{part.2}% 72
\BOOKMARK [1][-]{section.12.1}{\376\377\000I\000n\000t\000r\000o\000d\000u\000c\000t\000i\000o\000n}{chapter.12}% 73
\BOOKMARK [1][-]{section.12.2}{\376\377\000C\000h\000o\000o\000s\000i\000n\000g\000\040\000a\000n\000\040\000I\000D\000E}{chapter.12}% 74
\BOOKMARK [1][-]{section.12.3}{\376\377\000A\000c\000q\000u\000i\000r\000i\000n\000g\000\040\000t\000h\000e\000\040\000C\000o\000d\000e}{chapter.12}% 75
\BOOKMARK [1][-]{section.12.4}{\376\377\000B\000u\000i\000l\000d\000i\000n\000g\000\040\000t\000h\000e\000\040\000C\000o\000d\000e}{chapter.12}% 76
\BOOKMARK [1][-]{section.12.5}{\376\377\000R\000u\000n\000n\000i\000n\000g\000\040\000t\000h\000e\000\040\000T\000e\000s\000t\000\040\000S\000u\000i\000t\000e}{chapter.12}% 77
\BOOKMARK [1][-]{section.12.6}{\376\377\000R\000u\000n\000n\000i\000n\000g\000\040\000t\000h\000e\000\040\000C\000o\000d\000e}{chapter.12}% 78
\BOOKMARK [1][-]{section.12.7}{\376\377\000C\000r\000e\000a\000t\000i\000n\000g\000\040\000a\000\040\000L\000o\000c\000a\000l\000\040\000S\000t\000e\000n\000d\000h\000a\000l\000\040\000A\000c\000c\000o\000u\000n\000t}{chapter.12}% 79
\BOOKMARK [1][-]{section.12.8}{\376\377\000G\000e\000t\000t\000i\000n\000g\000\040\000t\000o\000\040\000K\000n\000o\000w\000\040\000t\000h\000e\000\040\000C\000o\000d\000e}{chapter.12}% 80
\BOOKMARK [0][-]{chapter.13}{\376\377\000I\000n\000d\000u\000s\000t\000r\000i\000a\000l\000\040\000m\000e\000n\000t\000o\000r\000i\000n\000g}{part.2}% 81
\BOOKMARK [1][-]{section.13.1}{\376\377\000W\000h\000e\000n\000\040\000a\000r\000e\000\040\000t\000h\000e\000\040\000m\000e\000n\000t\000o\000r\000i\000n\000g\000\040\000s\000e\000s\000s\000i\000o\000n\000s\000?}{chapter.13}% 82
\BOOKMARK [1][-]{section.13.2}{\376\377\000I\000'\000m\000\040\000i\000n\000t\000e\000r\000e\000s\000t\000e\000d\000,\000\040\000h\000o\000w\000\040\000c\000a\000n\000\040\000I\000\040\000r\000e\000g\000i\000s\000t\000e\000r\000?}{chapter.13}% 83
\BOOKMARK [1][-]{section.13.3}{\376\377\000A\000b\000o\000u\000t\000\040\000u\000s}{chapter.13}% 84
\BOOKMARK [1][-]{section.13.4}{\376\377\000A\000b\000o\000u\000t\000\040\000t\000h\000e\000\040\000c\000o\000u\000r\000s\000e}{chapter.13}% 85
\BOOKMARK [1][-]{section.13.5}{\376\377\000A\000b\000o\000u\000t\000\040\000t\000h\000e\000\040\000M\000e\000n\000t\000o\000r\000i\000n\000g\000\040\000S\000c\000h\000e\000m\000e}{chapter.13}% 86
\BOOKMARK [1][-]{section.13.6}{\376\377\000M\000e\000e\000t\000i\000n\000g\000\040\000a\000g\000e\000n\000d\000a}{chapter.13}% 87
\BOOKMARK [1][-]{section.13.7}{\376\377\000W\000h\000a\000t\000\040\000d\000o\000\040\000m\000e\000n\000t\000o\000r\000s\000\040\000g\000e\000t\000\040\000i\000n\000\040\000r\000e\000t\000u\000r\000n\000?}{chapter.13}% 88
\BOOKMARK [1][-]{section.13.8}{\376\377\000W\000h\000o\000\040\000a\000r\000e\000\040\000t\000h\000e\000\040\000m\000e\000n\000t\000o\000r\000s\000?}{chapter.13}% 89
\BOOKMARK [0][-]{chapter.14}{\376\377\000Y\000o\000u\000r\000\040\000m\000e\000n\000t\000o\000r}{part.2}% 90
\BOOKMARK [1][-]{section.14.1}{\376\377\000B\000u\000t\000\040\000I\000'\000m\000\040\000n\000o\000t\000\040\000i\000n\000t\000e\000r\000e\000s\000t\000e\000d\000\040\000i\000n\000\040\000e\000m\000p\000l\000o\000y\000e\000r\000\040\000x\000?}{chapter.14}% 91
\BOOKMARK [0][-]{chapter.15}{\376\377\000S\000y\000n\000c\000h\000r\000o\000n\000i\000s\000i\000n\000g}{part.2}% 92
\BOOKMARK [1][-]{section.15.1}{\376\377\000I\000n\000t\000r\000o\000d\000u\000c\000t\000i\000o\000n}{chapter.15}% 93
\BOOKMARK [1][-]{section.15.2}{\376\377\000M\000a\000k\000i\000n\000g\000\040\000a\000\040\000L\000o\000c\000a\000l\000\040\000C\000o\000m\000m\000i\000t}{chapter.15}% 94
\BOOKMARK [1][-]{section.15.3}{\376\377\000S\000t\000e\000p\000\040\0002\000:\000\040\000P\000u\000s\000h\000i\000n\000g\000\040\000t\000h\000e\000\040\000C\000o\000m\000m\000i\000t\000\040\000t\000o\000\040\000t\000h\000e\000\040\000T\000e\000a\000m\000\040\000R\000e\000p\000o\000s\000i\000t\000o\000r\000y}{chapter.15}% 95
\BOOKMARK [1][-]{section.15.4}{\376\377\000S\000t\000e\000p\000\040\0003\000:\000\040\000F\000e\000t\000c\000h\000i\000n\000g\000\040\000t\000h\000e\000\040\000N\000e\000w\000\040\000C\000o\000m\000m\000i\000t\000\040\000f\000r\000o\000m\000\040\000t\000h\000e\000\040\000T\000e\000a\000m\000\040\000R\000e\000p\000o\000s\000i\000t\000o\000r\000y}{chapter.15}% 96
\BOOKMARK [1][-]{section.15.5}{\376\377\000S\000t\000e\000p\000\040\0004\000:\000\040\000I\000n\000c\000o\000r\000p\000o\000r\000a\000t\000i\000n\000g\000\040\000t\000h\000e\000\040\000C\000o\000m\000m\000i\000t\000\040\000i\000n\000t\000o\000\040\000Y\000o\000u\000r\000\040\000L\000o\000c\000a\000l\000\040\000B\000r\000a\000n\000c\000h}{chapter.15}% 97
\BOOKMARK [1][-]{section.15.6}{\376\377\000A\000\040\000F\000i\000n\000a\000l\000\040\000W\000o\000r\000d}{chapter.15}% 98
\BOOKMARK [-1][-]{part.3}{\376\377\000I\000I\000I\000\040\000C\000o\000u\000r\000s\000e\000w\000o\000r\000k}{}% 99
\BOOKMARK [0][-]{chapter.16}{\376\377\000I\000n\000d\000i\000v\000i\000d\000u\000a\000l\000\040\000C\000o\000u\000r\000s\000e\000w\000o\000r\000k\000\040\0001}{part.3}% 100
\BOOKMARK [1][-]{section.16.1}{\376\377\000I\000n\000t\000r\000o\000d\000u\000c\000t\000i\000o\000n}{chapter.16}% 101
\BOOKMARK [1][-]{section.16.2}{\376\377\000A\000b\000o\000u\000t\000\040\000t\000h\000e\000\040\000C\000o\000u\000r\000s\000e\000w\000o\000r\000k}{chapter.16}% 102
\BOOKMARK [1][-]{section.16.3}{\376\377\000T\000h\000e\000\040\000C\000o\000u\000r\000s\000e\000w\000o\000r\000k\000\040\000I\000n\000s\000t\000r\000u\000c\000t\000i\000o\000n\000s}{chapter.16}% 103
\BOOKMARK [0][-]{chapter.17}{\376\377\000I\000n\000d\000i\000v\000i\000d\000u\000a\000l\000\040\000C\000o\000u\000r\000s\000e\000w\000o\000r\000k\000\040\0002}{part.3}% 104
\BOOKMARK [1][-]{section.17.1}{\376\377\000I\000n\000t\000r\000o\000d\000u\000c\000t\000i\000o\000n}{chapter.17}% 105
\BOOKMARK [1][-]{section.17.2}{\376\377\000A\000b\000o\000u\000t\000\040\000t\000h\000e\000\040\000C\000o\000u\000r\000s\000e\000w\000o\000r\000k}{chapter.17}% 106
\BOOKMARK [1][-]{section.17.3}{\376\377\000T\000h\000e\000\040\000C\000o\000u\000r\000s\000e\000w\000o\000r\000k\000\040\000I\000n\000s\000t\000r\000u\000c\000t\000i\000o\000n\000s}{chapter.17}% 107
\BOOKMARK [0][-]{chapter.18}{\376\377\000T\000e\000a\000m\000\040\000C\000o\000u\000r\000s\000e\000w\000o\000r\000k\000\040\0001}{part.3}% 108
\BOOKMARK [1][-]{section.18.1}{\376\377\000O\000v\000e\000r\000v\000i\000e\000w}{chapter.18}% 109
\BOOKMARK [1][-]{section.18.2}{\376\377\000W\000h\000a\000t\000\040\000Y\000o\000u\000\040\000H\000a\000v\000e\000\040\000t\000o\000\040\000D\000o}{chapter.18}% 110
\BOOKMARK [1][-]{section.18.3}{\376\377\000S\000u\000b\000m\000i\000s\000s\000i\000o\000n\000\040\000o\000f\000\040\000Y\000o\000u\000r\000\040\000T\000e\000a\000m\000'\000s\000\040\000W\000o\000r\000k}{chapter.18}% 111
\BOOKMARK [1][-]{section.18.4}{\376\377\000C\000o\000u\000r\000s\000e\000w\000o\000r\000k\000\040\000E\000x\000t\000e\000n\000s\000i\000o\000n\000s}{chapter.18}% 112
\BOOKMARK [1][-]{section.18.5}{\376\377\000N\000o\000n\000-\000C\000o\000n\000t\000r\000i\000b\000u\000t\000i\000n\000g\000\040\000T\000e\000a\000m\000\040\000M\000e\000m\000b\000e\000r\000s}{chapter.18}% 113
\BOOKMARK [1][-]{section.18.6}{\376\377\000P\000a\000r\000t\000i\000a\000l\000l\000y\000\040\000C\000o\000n\000t\000r\000i\000b\000u\000t\000i\000n\000g\000\040\000T\000e\000a\000m\000\040\000M\000e\000m\000b\000e\000r\000s}{chapter.18}% 114
\BOOKMARK [1][-]{section.18.7}{\376\377\000P\000l\000a\000g\000i\000a\000r\000i\000s\000m}{chapter.18}% 115
\BOOKMARK [0][-]{chapter.19}{\376\377\000T\000e\000a\000m\000\040\000C\000o\000u\000r\000s\000e\000w\000o\000r\000k\000\040\0002}{part.3}% 116
\BOOKMARK [-1][-]{part.4}{\376\377\000I\000V\000\040\000S\000e\000l\000f\000\040\000s\000t\000u\000d\000y\000\040\000m\000a\000t\000e\000r\000i\000a\000l\000s}{}% 117
\BOOKMARK [0][-]{chapter.20}{\376\377\000T\000e\000s\000t\000i\000n\000g\000\040\000S\000t\000e\000n\000d\000h\000a\000l}{part.4}% 118
\BOOKMARK [1][-]{section.20.1}{\376\377\000I\000n\000t\000r\000o\000d\000u\000c\000t\000i\000o\000n}{chapter.20}% 119
\BOOKMARK [1][-]{section.20.2}{\376\377\000M\000a\000n\000u\000a\000l\000l\000y\000\040\000R\000e\000p\000l\000i\000c\000a\000t\000i\000n\000g\000\040\000T\000h\000e\000\040\000I\000s\000s\000u\000e\000s}{chapter.20}% 120
\BOOKMARK [1][-]{section.20.3}{\376\377\000G\000e\000t\000t\000i\000n\000g\000\040\000I\000n\000s\000p\000i\000r\000a\000t\000i\000o\000n\000\040\000f\000o\000r\000\040\000W\000r\000i\000t\000i\000n\000g\000\040\000y\000o\000u\000r\000\040\000O\000w\000n\000\040\000T\000e\000s\000t\000\040\000C\000a\000s\000e\000s}{chapter.20}% 121
\BOOKMARK [0][-]{chapter.21}{\376\377\000I\000n\000t\000e\000g\000r\000a\000t\000i\000n\000g\000\040\000c\000o\000m\000m\000i\000t\000s}{part.4}% 122
\BOOKMARK [1][-]{section.21.1}{\376\377\000I\000n\000t\000r\000o\000d\000u\000c\000t\000i\000o\000n}{chapter.21}% 123
\BOOKMARK [1][-]{section.21.2}{\376\377\000G\000i\000t\000\040\000h\000a\000s\000\040\000R\000e\000j\000e\000c\000t\000e\000d\000\040\000m\000y\000\040\000P\000u\000s\000h}{chapter.21}% 124
\BOOKMARK [1][-]{section.21.3}{\376\377\000I\000n\000t\000e\000g\000r\000a\000t\000i\000n\000g\000\040\000t\000h\000e\000\040\000N\000e\000w\000\040\000C\000o\000m\000m\000i\000t\000s\000\040\000u\000s\000i\000n\000g\000\040\000M\000e\000r\000g\000e}{chapter.21}% 125
\BOOKMARK [1][-]{section.21.4}{\376\377\000I\000n\000t\000e\000g\000r\000a\000t\000i\000n\000g\000\040\000t\000h\000e\000\040\000N\000e\000w\000\040\000C\000o\000m\000m\000i\000t\000s\000\040\000u\000s\000i\000n\000g\000\040\000R\000e\000b\000a\000s\000e}{chapter.21}% 126
\BOOKMARK [1][-]{section.21.5}{\376\377\000A\000\040\000F\000i\000n\000a\000l\000\040\000W\000o\000r\000d}{chapter.21}% 127
\BOOKMARK [0][-]{chapter.22}{\376\377\000C\000o\000n\000t\000i\000n\000u\000o\000u\000s\000\040\000i\000n\000t\000e\000g\000r\000a\000t\000i\000o\000n}{part.4}% 128
\BOOKMARK [1][-]{section.22.1}{\376\377\000I\000n\000t\000r\000o\000d\000u\000c\000t\000i\000o\000n\000\040\000t\000o\000\040\000C\000o\000n\000t\000i\000n\000u\000o\000u\000s\000\040\000I\000n\000t\000e\000g\000r\000a\000t\000i\000o\000n}{chapter.22}% 129
\BOOKMARK [1][-]{section.22.2}{\376\377\000L\000o\000g\000g\000i\000n\000g\000\040\000o\000n\000t\000o\000\040\000J\000e\000n\000k\000i\000n\000s\000\040\000C\000I\000\040\000S\000e\000r\000v\000e\000r\000:}{chapter.22}% 130
\BOOKMARK [1][-]{section.22.3}{\376\377\000A\000c\000c\000e\000s\000s\000i\000n\000g\000\040\000y\000o\000u\000r\000\040\000C\000o\000u\000r\000s\000e\000w\000o\000r\000k\000\040\000B\000u\000i\000l\000d\000s}{chapter.22}% 131
\BOOKMARK [1][-]{section.22.4}{\376\377\000D\000r\000i\000l\000l\000i\000n\000g\000\040\000D\000o\000w\000n\000\040\000o\000n\000\040\000t\000h\000e\000\040\000D\000e\000v\000e\000l\000o\000p\000m\000e\000n\000t\000\040\000B\000r\000a\000n\000c\000h\000\040\000B\000u\000i\000l\000d}{chapter.22}% 132
\BOOKMARK [1][-]{section.22.5}{\376\377\000W\000h\000a\000t\000\040\000H\000a\000p\000p\000e\000n\000s\000\040\000W\000h\000e\000n\000\040\000J\000e\000n\000k\000i\000n\000s\000\040\000B\000u\000i\000l\000d\000s\000\040\000a\000\040\000J\000o\000b}{chapter.22}% 133
\BOOKMARK [1][-]{section.22.6}{\376\377\000A\000\040\000L\000o\000o\000k\000\040\000a\000t\000\040\000F\000e\000a\000t\000u\000r\000e\000\040\000B\000r\000a\000n\000c\000h\000\040\000B\000u\000i\000l\000d\000s}{chapter.22}% 134
\BOOKMARK [1][-]{section.22.7}{\376\377\000C\000o\000n\000f\000u\000s\000e\000d\000?\000\040\000S\000t\000u\000c\000k\000?\000\040\000N\000e\000e\000d\000\040\000H\000e\000l\000p\000?}{chapter.22}% 135
\BOOKMARK [0][-]{chapter.23}{\376\377\000C\000o\000d\000e\000\040\000r\000e\000v\000i\000e\000w}{part.4}% 136
\BOOKMARK [1][-]{section.23.1}{\376\377\000W\000h\000y\000\040\000R\000e\000v\000i\000e\000w\000\040\000C\000o\000d\000e\000?}{chapter.23}% 137
\BOOKMARK [1][-]{section.23.2}{\376\377\000T\000y\000p\000e\000s\000\040\000o\000f\000\040\000C\000o\000d\000e\000\040\000R\000e\000v\000i\000e\000w}{chapter.23}% 138
\BOOKMARK [1][-]{section.23.3}{\376\377\000G\000o\000o\000d\000\040\000P\000r\000a\000c\000t\000i\000c\000e\000\040\000f\000o\000r\000\040\000C\000o\000d\000e\000\040\000R\000e\000v\000i\000e\000w\000e\000r\000s}{chapter.23}% 139
\BOOKMARK [1][-]{section.23.4}{\376\377\000C\000o\000d\000e\000\040\000R\000e\000v\000i\000e\000w\000\040\000F\000a\000c\000i\000l\000i\000t\000i\000e\000s\000\040\000i\000n\000\040\000G\000i\000t\000L\000a\000b}{chapter.23}% 140
\BOOKMARK [1][-]{section.23.5}{\376\377\000C\000o\000d\000e\000\040\000R\000e\000v\000i\000e\000w\000\040\000i\000n\000\040\000C\000O\000M\000P\0002\0003\0003\0001\0001}{chapter.23}% 141
\BOOKMARK [0][-]{chapter.24}{\376\377\000U\000n\000i\000t